SF:lib\models\task.dart
DA:11,2
DA:18,2
DA:20,0
DA:23,0
DA:26,0
DA:29,0
DA:33,0
DA:34,0
DA:37,0
DA:39,0
DA:40,0
DA:41,0
DA:47,0
DA:50,0
DA:51,0
DA:54,0
DA:55,0
DA:58,0
DA:60,0
DA:63,0
DA:64,0
DA:65,0
DA:66,0
DA:67,0
DA:68,0
DA:69,0
DA:70,0
DA:74,0
DA:75,0
DA:76,0
DA:77,0
DA:78,0
DA:79,0
DA:80,0
LF:34
LH:2
end_of_record
SF:lib\models\project.dart
DA:7,1
DA:9,2
DA:11,1
DA:12,2
DA:13,0
DA:14,0
DA:16,2
DA:19,1
DA:20,5
DA:23,0
DA:25,0
DA:27,0
DA:28,0
DA:34,0
DA:35,0
DA:36,0
DA:37,0
DA:40,0
DA:41,0
DA:42,0
DA:44,0
DA:45,0
DA:46,0
LF:23
LH:7
end_of_record
SF:lib\models\work_item.dart
DA:7,1
DA:12,1
DA:14,2
DA:15,2
DA:16,2
DA:17,0
DA:19,1
DA:20,1
DA:21,1
DA:23,1
DA:26,0
DA:27,0
DA:28,0
DA:29,0
DA:34,0
DA:35,0
DA:36,0
DA:39,0
DA:40,0
DA:43,0
DA:44,0
DA:48,0
DA:49,0
DA:52,0
DA:53,0
DA:54,0
DA:55,0
DA:56,0
DA:58,0
DA:62,0
DA:63,0
LF:31
LH:9
end_of_record
SF:lib\providers\task_provider.dart
DA:170,1
DA:172,2
DA:174,1
DA:175,3
DA:176,1
DA:179,0
DA:181,0
DA:183,0
DA:184,0
DA:187,0
DA:188,0
DA:189,0
DA:190,0
DA:191,0
DA:192,0
DA:196,0
DA:197,0
DA:198,0
DA:199,0
LF:19
LH:5
end_of_record
SF:lib\services\task_api_service.dart
DA:8,0
DA:10,0
DA:11,0
DA:13,0
DA:14,0
DA:15,0
DA:17,0
DA:21,0
DA:22,0
DA:23,0
DA:24,0
DA:27,0
DA:30,0
DA:31,0
DA:33,0
DA:37,0
DA:38,0
DA:39,0
DA:40,0
DA:43,0
DA:46,0
DA:47,0
DA:51,0
DA:52,0
DA:54,0
DA:55,0
LF:26
LH:0
end_of_record
